<?xml version="1.0" encoding="UTF-8"?>
<!-- Generated by org.testng.reporters.JUnitReportReporter -->
<testsuite hostname="JanPC" failures="0" tests="1" name="ABC.LearnG" time="6.192" errors="0" timestamp="2023-10-15T14:28:51 EDT" skipped="0">
  <testcase classname="ABC.LearnG" name="learnJS" time="6.192"/>
</testsuite> <!-- ABC.LearnG -->
